[2026-02-14T04:27:40.975Z] [INFO] [Queue] Polling started (every 5000ms)
[2026-02-14T04:27:40.985Z] [INFO] CrabCreate running on http://localhost:3000
[2026-02-14T04:27:40.988Z] [INFO] Environment: development
[2026-02-14T04:55:00.709Z] [INFO] [Supabase] Shared schema ensured
[2026-02-14T04:55:00.723Z] [INFO] [Supabase] Shared schema ensured
[2026-02-14T04:55:00.724Z] [INFO] [Supabase] Tenant provisioned: uuid-123 (project 42)
[2026-02-14T04:55:00.732Z] [INFO] [Supabase] Shared schema ensured
[2026-02-14T04:55:00.733Z] [INFO] [Supabase] Tenant provisioned: uuid-456 (project 1)
[2026-02-14T04:55:00.738Z] [INFO] [Supabase] Tenant deactivated for project 42
[2026-02-14T04:55:00.764Z] [INFO] [Supabase] Pool closed
[2026-02-14T04:55:10.107Z] [INFO] [Supabase] Shared schema ensured
[2026-02-14T04:55:10.125Z] [INFO] [Supabase] Shared schema ensured
[2026-02-14T04:55:10.125Z] [INFO] [Supabase] Tenant provisioned: uuid-123 (project 42)
[2026-02-14T04:55:10.141Z] [INFO] [Supabase] Shared schema ensured
[2026-02-14T04:55:10.142Z] [INFO] [Supabase] Tenant provisioned: uuid-456 (project 1)
[2026-02-14T04:55:10.152Z] [INFO] [Supabase] Tenant deactivated for project 42
[2026-02-14T04:55:10.184Z] [INFO] [Supabase] Pool closed
[2026-02-14T04:56:17.595Z] [INFO] [Supabase] Shared schema ensured
[2026-02-14T04:56:17.621Z] [INFO] [Supabase] Shared schema ensured
[2026-02-14T04:56:17.622Z] [INFO] [Supabase] Tenant provisioned: uuid-123 (project 42)
[2026-02-14T04:56:17.638Z] [INFO] [Supabase] Shared schema ensured
[2026-02-14T04:56:17.639Z] [INFO] [Supabase] Tenant provisioned: uuid-456 (project 1)
[2026-02-14T04:56:17.646Z] [INFO] [Supabase] Tenant deactivated for project 42
[2026-02-14T04:56:17.677Z] [INFO] [Supabase] Pool closed
[2026-02-14T05:03:57.431Z] [INFO] [Supabase] Tenant provisioned: uuid-123 (project 42)
[2026-02-14T05:03:57.444Z] [INFO] [Supabase] Tenant deactivated for project 42
[2026-02-14T05:04:33.512Z] [INFO] [Supabase] Tenant provisioned: uuid-123 (project 42)
[2026-02-14T05:04:33.518Z] [INFO] [Supabase] Tenant deactivated for project 42
[2026-02-14T05:05:09.256Z] [INFO] [Supabase] Tenant provisioned: uuid-123 (project 42)
[2026-02-14T05:05:09.263Z] [INFO] [Supabase] Tenant deactivated for project 42
[2026-02-14T05:11:55.114Z] [INFO] [Supabase] Tenant provisioned: uuid-123 (project 42)
[2026-02-14T05:11:55.124Z] [INFO] [Supabase] Tenant deactivated for project 42
[2026-02-14T05:24:13.017Z] [INFO] [Supabase] Tenant provisioned: uuid-123 (project 42)
[2026-02-14T05:24:13.028Z] [INFO] [Supabase] Tenant deactivated for project 42
[2026-02-14T05:33:00.852Z] [INFO] [Supabase] Tenant provisioned: uuid-123 (project 42)
[2026-02-14T05:33:00.861Z] [INFO] [Supabase] Tenant deactivated for project 42
